# JRE version: Java(TM) SE Runtime Environment (8.0_66-b17) (build 1.8.0_66-b17)
# Java VM: Java HotSpot(TM) 64-Bit Server VM (25.66-b17 mixed mode linux-amd64 compressed oops)
Heap:
 PSYoungGen      total 267264K, used 0K [0x00000000eab00000, 0x0000000100000000, 0x0000000100000000)
  eden space 246784K, 0% used [0x00000000eab00000,0x00000000eab00000,0x00000000f9c00000)
  from space 20480K, 0% used [0x00000000fec00000,0x00000000fec00000,0x0000000100000000)
  to   space 51200K, 0% used [0x00000000f9c00000,0x00000000f9c00000,0x00000000fce00000)
 ParOldGen       total 134656K, used 116315K [0x00000000c0000000, 0x00000000c8380000, 0x00000000eab00000)
  object space 134656K, 86% used [0x00000000c0000000,0x00000000c7196c78,0x00000000c8380000)
 Metaspace       used 69324K, capacity 71860K, committed 71936K, reserved 1112064K
  class space    used 9021K, capacity 9652K, committed 9728K, reserved 1048576K
GC Heap History (10 events):
Event: 104.452 GC heap after
Heap after GC invocations=19 (full 4):
 PSYoungGen      total 316416K, used 8393K [0x00000000eab00000, 0x0000000100000000, 0x0000000100000000)
  eden space 297472K, 0% used [0x00000000eab00000,0x00000000eab00000,0x00000000fcd80000)
  from space 18944K, 44% used [0x00000000fcd80000,0x00000000fd5b2550,0x00000000fe000000)
  to   space 18432K, 0% used [0x00000000fee00000,0x00000000fee00000,0x0000000100000000)
 ParOldGen       total 77824K, used 44264K [0x00000000c0000000, 0x00000000c4c00000, 0x00000000eab00000)
  object space 77824K, 56% used [0x00000000c0000000,0x00000000c2b3a040,0x00000000c4c00000)
 Metaspace       used 54046K, capacity 56320K, committed 56576K, reserved 1097728K
  class space    used 7411K, capacity 7930K, committed 7936K, reserved 1048576K
}
Event: 112.549 GC heap before
{Heap before GC invocations=20 (full 4):
 PSYoungGen      total 316416K, used 305865K [0x00000000eab00000, 0x0000000100000000, 0x0000000100000000)
  eden space 297472K, 100% used [0x00000000eab00000,0x00000000fcd80000,0x00000000fcd80000)
  from space 18944K, 44% used [0x00000000fcd80000,0x00000000fd5b2550,0x00000000fe000000)
  to   space 18432K, 0% used [0x00000000fee00000,0x00000000fee00000,0x0000000100000000)
 ParOldGen       total 77824K, used 44264K [0x00000000c0000000, 0x00000000c4c00000, 0x00000000eab00000)
  object space 77824K, 56% used [0x00000000c0000000,0x00000000c2b3a040,0x00000000c4c00000)
 Metaspace       used 54830K, capacity 57162K, committed 57472K, reserved 1099776K
  class space    used 7452K, capacity 7969K, committed 8064K, reserved 1048576K
Event: 112.643 GC heap after
Heap after GC invocations=20 (full 4):
 PSYoungGen      total 326656K, used 16447K [0x00000000eab00000, 0x0000000100000000, 0x0000000100000000)
  eden space 308224K, 0% used [0x00000000eab00000,0x00000000eab00000,0x00000000fd800000)
  from space 18432K, 89% used [0x00000000fee00000,0x00000000ffe0ffd0,0x0000000100000000)
  to   space 20480K, 0% used [0x00000000fd800000,0x00000000fd800000,0x00000000fec00000)
 ParOldGen       total 77824K, used 44272K [0x00000000c0000000, 0x00000000c4c00000, 0x00000000eab00000)
  object space 77824K, 56% used [0x00000000c0000000,0x00000000c2b3c040,0x00000000c4c00000)
 Metaspace       used 54830K, capacity 57162K, committed 57472K, reserved 1099776K
  class space    used 7452K, capacity 7969K, committed 8064K, reserved 1048576K
}
Event: 123.626 GC heap before
{Heap before GC invocations=21 (full 4):
 PSYoungGen      total 326656K, used 324671K [0x00000000eab00000, 0x0000000100000000, 0x0000000100000000)
  eden space 308224K, 100% used [0x00000000eab00000,0x00000000fd800000,0x00000000fd800000)
  from space 18432K, 89% used [0x00000000fee00000,0x00000000ffe0ffd0,0x0000000100000000)
  to   space 20480K, 0% used [0x00000000fd800000,0x00000000fd800000,0x00000000fec00000)
 ParOldGen       total 77824K, used 44272K [0x00000000c0000000, 0x00000000c4c00000, 0x00000000eab00000)
  object space 77824K, 56% used [0x00000000c0000000,0x00000000c2b3c040,0x00000000c4c00000)
 Metaspace       used 68867K, capacity 71412K, committed 71680K, reserved 1112064K
  class space    used 9015K, capacity 9652K, committed 9728K, reserved 1048576K
Event: 123.725 GC heap after
Heap after GC invocations=21 (full 4):
 PSYoungGen      total 328704K, used 20448K [0x00000000eab00000, 0x0000000100000000, 0x0000000100000000)
  eden space 308224K, 0% used [0x00000000eab00000,0x00000000eab00000,0x00000000fd800000)
  from space 20480K, 99% used [0x00000000fd800000,0x00000000febf81e8,0x00000000fec00000)
  to   space 20480K, 0% used [0x00000000fec00000,0x00000000fec00000,0x0000000100000000)
 ParOldGen       total 77824K, used 75820K [0x00000000c0000000, 0x00000000c4c00000, 0x00000000eab00000)
  object space 77824K, 97% used [0x00000000c0000000,0x00000000c4a0b0a8,0x00000000c4c00000)
 Metaspace       used 68867K, capacity 71412K, committed 71680K, reserved 1112064K
  class space    used 9015K, capacity 9652K, committed 9728K, reserved 1048576K
}
Event: 123.836 GC heap before
{Heap before GC invocations=22 (full 5):
 PSYoungGen      total 328704K, used 20448K [0x00000000eab00000, 0x0000000100000000, 0x0000000100000000)
  eden space 308224K, 0% used [0x00000000eab00000,0x00000000eab00000,0x00000000fd800000)
  from space 20480K, 99% used [0x00000000fd800000,0x00000000febf81e8,0x00000000fec00000)
  to   space 20480K, 0% used [0x00000000fec00000,0x00000000fec00000,0x0000000100000000)
 ParOldGen       total 77824K, used 75820K [0x00000000c0000000, 0x00000000c4c00000, 0x00000000eab00000)
  object space 77824K, 97% used [0x00000000c0000000,0x00000000c4a0b0a8,0x00000000c4c00000)
 Metaspace       used 68867K, capacity 71412K, committed 71680K, reserved 1112064K
  class space    used 9015K, capacity 9652K, committed 9728K, reserved 1048576K
Event: 125.641 GC heap after
Heap after GC invocations=22 (full 5):
 PSYoungGen      total 328704K, used 16243K [0x00000000eab00000, 0x0000000100000000, 0x0000000100000000)
  eden space 308224K, 0% used [0x00000000eab00000,0x00000000eab00000,0x00000000fd800000)
  from space 20480K, 79% used [0x00000000fd800000,0x00000000fe7dcc20,0x00000000fec00000)
  to   space 20480K, 0% used [0x00000000fec00000,0x00000000fec00000,0x0000000100000000)
 ParOldGen       total 134656K, used 77678K [0x00000000c0000000, 0x00000000c8380000, 0x00000000eab00000)
  object space 134656K, 57% used [0x00000000c0000000,0x00000000c4bdbb88,0x00000000c8380000)
 Metaspace       used 68867K, capacity 71412K, committed 71680K, reserved 1112064K
  class space    used 9015K, capacity 9652K, committed 9728K, reserved 1048576K
}
Event: 129.151 GC heap before
{Heap before GC invocations=23 (full 5):
 PSYoungGen      total 328704K, used 324467K [0x00000000eab00000, 0x0000000100000000, 0x0000000100000000)
  eden space 308224K, 100% used [0x00000000eab00000,0x00000000fd800000,0x00000000fd800000)
  from space 20480K, 79% used [0x00000000fd800000,0x00000000fe7dcc20,0x00000000fec00000)
  to   space 20480K, 0% used [0x00000000fec00000,0x00000000fec00000,0x0000000100000000)
 ParOldGen       total 134656K, used 77678K [0x00000000c0000000, 0x00000000c8380000, 0x00000000eab00000)
  object space 134656K, 57% used [0x00000000c0000000,0x00000000c4bdbb88,0x00000000c8380000)
 Metaspace       used 69324K, capacity 71860K, committed 71936K, reserved 1112064K
  class space    used 9021K, capacity 9652K, committed 9728K, reserved 1048576K
Event: 130.448 GC heap after
Heap after GC invocations=23 (full 5):
 PSYoungGen      total 267264K, used 20461K [0x00000000eab00000, 0x0000000100000000, 0x0000000100000000)
  eden space 246784K, 0% used [0x00000000eab00000,0x00000000eab00000,0x00000000f9c00000)
  from space 20480K, 99% used [0x00000000fec00000,0x00000000ffffb430,0x0000000100000000)
  to   space 51200K, 0% used [0x00000000f9c00000,0x00000000f9c00000,0x00000000fce00000)
 ParOldGen       total 134656K, used 118052K [0x00000000c0000000, 0x00000000c8380000, 0x00000000eab00000)
  object space 134656K, 87% used [0x00000000c0000000,0x00000000c7349160,0x00000000c8380000)
 Metaspace       used 69324K, capacity 71860K, committed 71936K, reserved 1112064K
  class space    used 9021K, capacity 9652K, committed 9728K, reserved 1048576K
}
Event: 130.492 GC heap before
{Heap before GC invocations=24 (full 6):
 PSYoungGen      total 267264K, used 20461K [0x00000000eab00000, 0x0000000100000000, 0x0000000100000000)
  eden space 246784K, 0% used [0x00000000eab00000,0x00000000eab00000,0x00000000f9c00000)
  from space 20480K, 99% used [0x00000000fec00000,0x00000000ffffb430,0x0000000100000000)
  to   space 51200K, 0% used [0x00000000f9c00000,0x00000000f9c00000,0x00000000fce00000)
 ParOldGen       total 134656K, used 118052K [0x00000000c0000000, 0x00000000c8380000, 0x00000000eab00000)
  object space 134656K, 87% used [0x00000000c0000000,0x00000000c7349160,0x00000000c8380000)
 Metaspace       used 69324K, capacity 71860K, committed 71936K, reserved 1112064K
  class space    used 9021K, capacity 9652K, committed 9728K, reserved 1048576K

