# JRE version: Java(TM) SE Runtime Environment (8.0_66-b17) (build 1.8.0_66-b17)
# Java VM: Java HotSpot(TM) 64-Bit Server VM (25.66-b17 mixed mode linux-amd64 compressed oops)
Heap:
 PSYoungGen      total 210432K, used 0K [0x00000000eab00000, 0x00000000f9500000, 0x0000000100000000)
  eden space 194560K, 0% used [0x00000000eab00000,0x00000000eab00000,0x00000000f6900000)
  from space 15872K, 0% used [0x00000000f7880000,0x00000000f7880000,0x00000000f8800000)
  to   space 15872K, 0% used [0x00000000f6900000,0x00000000f6900000,0x00000000f7880000)
 ParOldGen       total 43520K, used 39475K [0x00000000c0000000, 0x00000000c2a80000, 0x00000000eab00000)
  object space 43520K, 90% used [0x00000000c0000000,0x00000000c268cf30,0x00000000c2a80000)
 Metaspace       used 52753K, capacity 54040K, committed 54360K, reserved 1095680K
  class space    used 7199K, capacity 7484K, committed 7552K, reserved 1048576K
GC Heap History (10 events):
Event: 14.816 GC heap after
Heap after GC invocations=10 (full 1):
 PSYoungGen      total 143360K, used 7662K [0x00000000eab00000, 0x00000000f5100000, 0x0000000100000000)
  eden space 135680K, 0% used [0x00000000eab00000,0x00000000eab00000,0x00000000f2f80000)
  from space 7680K, 99% used [0x00000000f2f80000,0x00000000f36fb930,0x00000000f3700000)
  to   space 9728K, 0% used [0x00000000f4780000,0x00000000f4780000,0x00000000f5100000)
 ParOldGen       total 29184K, used 14261K [0x00000000c0000000, 0x00000000c1c80000, 0x00000000eab00000)
  object space 29184K, 48% used [0x00000000c0000000,0x00000000c0ded738,0x00000000c1c80000)
 Metaspace       used 31270K, capacity 31794K, committed 32128K, reserved 1077248K
  class space    used 4245K, capacity 4408K, committed 4480K, reserved 1048576K
}
Event: 16.224 GC heap before
{Heap before GC invocations=11 (full 1):
 PSYoungGen      total 143360K, used 66478K [0x00000000eab00000, 0x00000000f5100000, 0x0000000100000000)
  eden space 135680K, 43% used [0x00000000eab00000,0x00000000ee46ff58,0x00000000f2f80000)
  from space 7680K, 99% used [0x00000000f2f80000,0x00000000f36fb930,0x00000000f3700000)
  to   space 9728K, 0% used [0x00000000f4780000,0x00000000f4780000,0x00000000f5100000)
 ParOldGen       total 29184K, used 14261K [0x00000000c0000000, 0x00000000c1c80000, 0x00000000eab00000)
  object space 29184K, 48% used [0x00000000c0000000,0x00000000c0ded738,0x00000000c1c80000)
 Metaspace       used 34759K, capacity 35358K, committed 35416K, reserved 1079296K
  class space    used 4759K, capacity 4947K, committed 4992K, reserved 1048576K
Event: 16.257 GC heap after
Heap after GC invocations=11 (full 1):
 PSYoungGen      total 157184K, used 9714K [0x00000000eab00000, 0x00000000f7980000, 0x0000000100000000)
  eden space 147456K, 0% used [0x00000000eab00000,0x00000000eab00000,0x00000000f3b00000)
  from space 9728K, 99% used [0x00000000f4780000,0x00000000f50fca98,0x00000000f5100000)
  to   space 12800K, 0% used [0x00000000f3b00000,0x00000000f3b00000,0x00000000f4780000)
 ParOldGen       total 29184K, used 17898K [0x00000000c0000000, 0x00000000c1c80000, 0x00000000eab00000)
  object space 29184K, 61% used [0x00000000c0000000,0x00000000c117a920,0x00000000c1c80000)
 Metaspace       used 34759K, capacity 35358K, committed 35416K, reserved 1079296K
  class space    used 4759K, capacity 4947K, committed 4992K, reserved 1048576K
}
Event: 16.258 GC heap before
{Heap before GC invocations=12 (full 2):
 PSYoungGen      total 157184K, used 9714K [0x00000000eab00000, 0x00000000f7980000, 0x0000000100000000)
  eden space 147456K, 0% used [0x00000000eab00000,0x00000000eab00000,0x00000000f3b00000)
  from space 9728K, 99% used [0x00000000f4780000,0x00000000f50fca98,0x00000000f5100000)
  to   space 12800K, 0% used [0x00000000f3b00000,0x00000000f3b00000,0x00000000f4780000)
 ParOldGen       total 29184K, used 17898K [0x00000000c0000000, 0x00000000c1c80000, 0x00000000eab00000)
  object space 29184K, 61% used [0x00000000c0000000,0x00000000c117a920,0x00000000c1c80000)
 Metaspace       used 34759K, capacity 35358K, committed 35416K, reserved 1079296K
  class space    used 4759K, capacity 4947K, committed 4992K, reserved 1048576K
Event: 16.373 GC heap after
Heap after GC invocations=12 (full 2):
 PSYoungGen      total 157184K, used 0K [0x00000000eab00000, 0x00000000f7980000, 0x0000000100000000)
  eden space 147456K, 0% used [0x00000000eab00000,0x00000000eab00000,0x00000000f3b00000)
  from space 9728K, 0% used [0x00000000f4780000,0x00000000f4780000,0x00000000f5100000)
  to   space 12800K, 0% used [0x00000000f3b00000,0x00000000f3b00000,0x00000000f4780000)
 ParOldGen       total 43520K, used 20849K [0x00000000c0000000, 0x00000000c2a80000, 0x00000000eab00000)
  object space 43520K, 47% used [0x00000000c0000000,0x00000000c145c558,0x00000000c2a80000)
 Metaspace       used 34759K, capacity 35358K, committed 35416K, reserved 1079296K
  class space    used 4759K, capacity 4947K, committed 4992K, reserved 1048576K
}
Event: 23.355 GC heap before
{Heap before GC invocations=13 (full 2):
 PSYoungGen      total 157184K, used 147456K [0x00000000eab00000, 0x00000000f7980000, 0x0000000100000000)
  eden space 147456K, 100% used [0x00000000eab00000,0x00000000f3b00000,0x00000000f3b00000)
  from space 9728K, 0% used [0x00000000f4780000,0x00000000f4780000,0x00000000f5100000)
  to   space 12800K, 0% used [0x00000000f3b00000,0x00000000f3b00000,0x00000000f4780000)
 ParOldGen       total 43520K, used 20849K [0x00000000c0000000, 0x00000000c2a80000, 0x00000000eab00000)
  object space 43520K, 47% used [0x00000000c0000000,0x00000000c145c558,0x00000000c2a80000)
 Metaspace       used 44046K, capacity 44918K, committed 45016K, reserved 1087488K
  class space    used 6127K, capacity 6343K, committed 6400K, reserved 1048576K
Event: 23.384 GC heap after
Heap after GC invocations=13 (full 2):
 PSYoungGen      total 160256K, used 12793K [0x00000000eab00000, 0x00000000f8800000, 0x0000000100000000)
  eden space 147456K, 0% used [0x00000000eab00000,0x00000000eab00000,0x00000000f3b00000)
  from space 12800K, 99% used [0x00000000f3b00000,0x00000000f477e560,0x00000000f4780000)
  to   space 15872K, 0% used [0x00000000f7880000,0x00000000f7880000,0x00000000f8800000)
 ParOldGen       total 43520K, used 24647K [0x00000000c0000000, 0x00000000c2a80000, 0x00000000eab00000)
  object space 43520K, 56% used [0x00000000c0000000,0x00000000c1811d98,0x00000000c2a80000)
 Metaspace       used 44046K, capacity 44918K, committed 45016K, reserved 1087488K
  class space    used 6127K, capacity 6343K, committed 6400K, reserved 1048576K
}
Event: 32.803 GC heap before
{Heap before GC invocations=14 (full 2):
 PSYoungGen      total 160256K, used 160249K [0x00000000eab00000, 0x00000000f8800000, 0x0000000100000000)
  eden space 147456K, 100% used [0x00000000eab00000,0x00000000f3b00000,0x00000000f3b00000)
  from space 12800K, 99% used [0x00000000f3b00000,0x00000000f477e560,0x00000000f4780000)
  to   space 15872K, 0% used [0x00000000f7880000,0x00000000f7880000,0x00000000f8800000)
 ParOldGen       total 43520K, used 24647K [0x00000000c0000000, 0x00000000c2a80000, 0x00000000eab00000)
  object space 43520K, 56% used [0x00000000c0000000,0x00000000c1811d98,0x00000000c2a80000)
 Metaspace       used 52753K, capacity 54040K, committed 54360K, reserved 1095680K
  class space    used 7199K, capacity 7484K, committed 7552K, reserved 1048576K
Event: 33.615 GC heap after
Heap after GC invocations=14 (full 2):
 PSYoungGen      total 210432K, used 9302K [0x00000000eab00000, 0x00000000f9500000, 0x0000000100000000)
  eden space 194560K, 0% used [0x00000000eab00000,0x00000000eab00000,0x00000000f6900000)
  from space 15872K, 58% used [0x00000000f7880000,0x00000000f81958b0,0x00000000f8800000)
  to   space 15872K, 0% used [0x00000000f6900000,0x00000000f6900000,0x00000000f7880000)
 ParOldGen       total 43520K, used 36598K [0x00000000c0000000, 0x00000000c2a80000, 0x00000000eab00000)
  object space 43520K, 84% used [0x00000000c0000000,0x00000000c23bdbb8,0x00000000c2a80000)
 Metaspace       used 52753K, capacity 54040K, committed 54360K, reserved 1095680K
  class space    used 7199K, capacity 7484K, committed 7552K, reserved 1048576K
}
Event: 33.696 GC heap before
{Heap before GC invocations=15 (full 3):
 PSYoungGen      total 210432K, used 9302K [0x00000000eab00000, 0x00000000f9500000, 0x0000000100000000)
  eden space 194560K, 0% used [0x00000000eab00000,0x00000000eab00000,0x00000000f6900000)
  from space 15872K, 58% used [0x00000000f7880000,0x00000000f81958b0,0x00000000f8800000)
  to   space 15872K, 0% used [0x00000000f6900000,0x00000000f6900000,0x00000000f7880000)
 ParOldGen       total 43520K, used 36598K [0x00000000c0000000, 0x00000000c2a80000, 0x00000000eab00000)
  object space 43520K, 84% used [0x00000000c0000000,0x00000000c23bdbb8,0x00000000c2a80000)
 Metaspace       used 52753K, capacity 54040K, committed 54360K, reserved 1095680K
  class space    used 7199K, capacity 7484K, committed 7552K, reserved 1048576K

